  main.cpp
c:\users\frank\documents\rts\first sfml game\src\first sfml game\main.cpp(29): warning C4244: 'argument': conversion from 'float' to 'unsigned int', possible loss of data
c:\users\frank\documents\rts\first sfml game\src\first sfml game\main.cpp(43): warning C4244: 'argument': conversion from 'unsigned int' to 'float', possible loss of data
c:\users\frank\documents\rts\first sfml game\src\first sfml game\main.cpp(66): warning C4305: 'initializing': truncation from 'double' to 'float'
c:\users\frank\documents\rts\first sfml game\src\first sfml game\main.cpp(117): warning C4305: 'argument': truncation from 'double' to 'float'
c:\users\frank\documents\rts\first sfml game\src\first sfml game\main.cpp(121): warning C4305: 'argument': truncation from 'double' to 'float'
c:\users\frank\documents\rts\first sfml game\src\first sfml game\main.cpp(128): warning C4244: 'argument': conversion from 'unsigned int' to 'float', possible loss of data
c:\users\frank\documents\rts\first sfml game\src\first sfml game\main.cpp(194): warning C4244: 'initializing': conversion from 'float' to 'int', possible loss of data
c:\users\frank\documents\rts\first sfml game\src\first sfml game\main.cpp(195): warning C4244: 'initializing': conversion from 'float' to 'int', possible loss of data
c:\users\frank\documents\rts\first sfml game\src\first sfml game\main.cpp(196): warning C4244: 'initializing': conversion from 'float' to 'int', possible loss of data
c:\users\frank\documents\rts\first sfml game\src\first sfml game\main.cpp(197): warning C4244: 'initializing': conversion from 'float' to 'int', possible loss of data
c:\users\frank\documents\rts\first sfml game\src\first sfml game\main.cpp(215): warning C4244: 'argument': conversion from 'int' to 'float', possible loss of data
c:\users\frank\documents\rts\first sfml game\src\first sfml game\main.cpp(265): warning C4244: 'argument': conversion from 'float' to 'int', possible loss of data
c:\users\frank\documents\rts\first sfml game\src\first sfml game\main.cpp(265): warning C4244: 'argument': conversion from 'double' to 'int', possible loss of data
c:\users\frank\documents\rts\first sfml game\src\first sfml game\main.cpp(266): warning C4244: 'argument': conversion from 'double' to 'float', possible loss of data
c:\users\frank\documents\rts\first sfml game\src\first sfml game\main.cpp(270): warning C4244: 'argument': conversion from 'unsigned int' to 'float', possible loss of data
c:\users\frank\documents\rts\first sfml game\src\first sfml game\main.cpp(280): warning C4244: 'initializing': conversion from 'double' to 'float', possible loss of data
c:\users\frank\documents\rts\first sfml game\src\first sfml game\main.cpp(298): warning C4244: 'argument': conversion from 'int' to 'float', possible loss of data
c:\users\frank\documents\rts\first sfml game\src\first sfml game\main.cpp(335): warning C4244: 'argument': conversion from 'double' to 'float', possible loss of data
c:\users\frank\documents\rts\first sfml game\src\first sfml game\main.cpp(338): warning C4244: 'argument': conversion from 'int' to 'float', possible loss of data
c:\users\frank\documents\rts\first sfml game\src\first sfml game\main.cpp(372): warning C4244: 'argument': conversion from 'double' to 'DWORD', possible loss of data
  First SFML Game.vcxproj -> C:\Users\frank\Documents\RTS\First SFML Game\src\Debug\First SFML Game.exe
